<?xml version="1.0" encoding="UTF-8"?>
<Site BuildName="Win32-MSBuild"
	BuildStamp="20230802-0457-Experimental"
	Name="LAPTOP-RT6TMPSO"
	Generator="ctest-3.27.0-rc3"
	CompilerName="C:/Program Files/Microsoft Visual Studio/2022/Community/VC/Tools/MSVC/14.36.32532/bin/Hostx86/x64/cl.exe"
	CompilerVersion="19.36.32535.0"
	OSName="Windows"
	Hostname="LAPTOP-RT6TMPSO"
	OSRelease=" Personal"
	OSVersion=" (Build 22621)"
	OSPlatform="AMD64"
	Is64Bits="1"
	VendorString="AuthenticAMD"
	VendorID="Advanced Micro Devices"
	FamilyID="15"
	ModelID="8"
	ProcessorCacheSize="96"
	NumberOfLogicalCPU="8"
	NumberOfPhysicalCPU="4"
	TotalVirtualMemory="18882"
	TotalPhysicalMemory="6082"
	LogicalProcessorsPerPhysical="2"
	ProcessorClockFrequency="2295"
	>
	<Testing>
		<StartDateTime>Aug 02 14:39 Malay Peninsula Standard Time</StartDateTime>
		<StartTestTime>1690958387</StartTestTime>
		<TestList/>
		<EndDateTime>Aug 02 14:39 Malay Peninsula Standard Time</EndDateTime>
		<EndTestTime>1690958387</EndTestTime>
		<ElapsedMinutes>0</ElapsedMinutes>
	</Testing>
</Site>
